<?xml version="1.0" encoding="UTF-8"?>
<!-- Generated by org.testng.reporters.JUnitReportReporter -->
<testsuite hostname="MacBook-Pro-de-Pablo.local" name="scripts.grabarVideoHooly" tests="2" failures="0" timestamp="20 Aug 2019 22:02:12 GMT" time="5.924" errors="0">
  <testcase name="ingresarRutInvalido" time="2.922" classname="scripts.grabarVideoHooly"/>
  <testcase name="cargarEvidencias" time="3.002" classname="scripts.grabarVideoHooly"/>
</testsuite> <!-- scripts.grabarVideoHooly -->
